
CondaError: Run 'conda init' before 'conda activate'

InternLM2ForCausalLM has generative capabilities, as `prepare_inputs_for_generation` is explicitly overwritten. However, it doesn't directly inherit from `GenerationMixin`. From 👉v4.50👈 onwards, `PreTrainedModel` will NOT inherit from `GenerationMixin`, and this model will lose the ability to call `generate` and other related functions.
  - If you're using `trust_remote_code=True`, you can get rid of this warning by loading the model with an auto class. See https://huggingface.co/docs/transformers/en/model_doc/auto#auto-classes
  - If you are the owner of the model architecture code, please modify your model class such that it inherits from `GenerationMixin` (after `PreTrainedModel`, otherwise you'll get an exception).
  - If you are not the owner of the model architecture class, please contact the model code owner to update it.
InternLM2ForCausalLM has generative capabilities, as `prepare_inputs_for_generation` is explicitly overwritten. However, it doesn't directly inherit from `GenerationMixin`. From 👉v4.50👈 onwards, `PreTrainedModel` will NOT inherit from `GenerationMixin`, and this model will lose the ability to call `generate` and other related functions.
  - If you're using `trust_remote_code=True`, you can get rid of this warning by loading the model with an auto class. See https://huggingface.co/docs/transformers/en/model_doc/auto#auto-classes
  - If you are the owner of the model architecture code, please modify your model class such that it inherits from `GenerationMixin` (after `PreTrainedModel`, otherwise you'll get an exception).
  - If you are not the owner of the model architecture class, please contact the model code owner to update it.
Loading checkpoint shards:   0%|          | 0/4 [00:00<?, ?it/s]Loading checkpoint shards:  25%|██▌       | 1/4 [00:00<00:00,  3.45it/s]Loading checkpoint shards:  50%|█████     | 2/4 [00:00<00:00,  4.45it/s]Loading checkpoint shards:  75%|███████▌  | 3/4 [00:00<00:00,  4.91it/s]Loading checkpoint shards: 100%|██████████| 4/4 [00:00<00:00,  5.70it/s]Loading checkpoint shards: 100%|██████████| 4/4 [00:00<00:00,  5.13it/s]
Loading checkpoint shards:   0%|          | 0/4 [00:00<?, ?it/s]Loading checkpoint shards:  25%|██▌       | 1/4 [00:00<00:00,  3.42it/s]Loading checkpoint shards:  50%|█████     | 2/4 [00:00<00:00,  4.43it/s]Loading checkpoint shards:  75%|███████▌  | 3/4 [00:00<00:00,  4.90it/s]Loading checkpoint shards: 100%|██████████| 4/4 [00:00<00:00,  5.69it/s]Loading checkpoint shards: 100%|██████████| 4/4 [00:00<00:00,  5.11it/s]
  0%|          | 0/2 [00:00<?, ?it/s]  0%|          | 0/2 [00:01<?, ?it/s]
  0%|          | 0/2 [00:00<?, ?it/s]  0%|          | 0/2 [00:01<?, ?it/s]
Traceback (most recent call last):
  File "/home/h/huaian3/eval_test/internvl2.py", line 71, in <module>
Traceback (most recent call last):
  File "/home/h/huaian3/eval_test/internvl2.py", line 71, in <module>
    prompt = model.apply_chat_template(conversation, add_generation_prompt=True)
             ^^^^^^^^^^^^^^^^^^^^^^^^^
  File "/home/h/huaian3/miniconda3/lib/python3.12/site-packages/torch/nn/modules/module.py", line 1729, in __getattr__
    prompt = model.apply_chat_template(conversation, add_generation_prompt=True)
             ^^^^^^^^^^^^^^^^^^^^^^^^^
  File "/home/h/huaian3/miniconda3/lib/python3.12/site-packages/torch/nn/modules/module.py", line 1729, in __getattr__
    raise AttributeError(f"'{type(self).__name__}' object has no attribute '{name}'")
    raise AttributeError(f"'{type(self).__name__}' object has no attribute '{name}'")
AttributeError: 'InternVLChatModel' object has no attribute 'apply_chat_template'
AttributeError: 'InternVLChatModel' object has no attribute 'apply_chat_template'
srun: error: xgph14: task 1: Exited with exit code 1
srun: error: xgph14: task 0: Exited with exit code 1
