no change     /home/h/huaian3/miniconda3/condabin/conda
no change     /home/h/huaian3/miniconda3/bin/conda
no change     /home/h/huaian3/miniconda3/bin/conda-env
no change     /home/h/huaian3/miniconda3/bin/activate
no change     /home/h/huaian3/miniconda3/bin/deactivate
no change     /home/h/huaian3/miniconda3/etc/profile.d/conda.sh
no change     /home/h/huaian3/miniconda3/etc/fish/conf.d/conda.fish
no change     /home/h/huaian3/miniconda3/shell/condabin/Conda.psm1
no change     /home/h/huaian3/miniconda3/shell/condabin/conda-hook.ps1
no change     /home/h/huaian3/miniconda3/lib/python3.12/site-packages/xontrib/conda.xsh
no change     /home/h/huaian3/miniconda3/etc/profile.d/conda.csh
no change     /home/h/huaian3/.bashrc
No action taken.
[Errno 1094995529] Invalid data found when processing input: '../kinetics-dataset/k400/train/AfPIdPUS3fw_000296_000306.mp4'; last error log: [mov,mp4,m4a,3gp,3g2,mj2] moov atom not found
AfPIdPUS3fw_000296_000306.mp4
Unable to read video AfPIdPUS3fw_000296_000306.mp4
[Errno 1094995529] Invalid data found when processing input: '../kinetics-dataset/k400/train/3Wp48pqqLzE_000114_000124.mp4'; last error log: [mov,mp4,m4a,3gp,3g2,mj2] moov atom not found
3Wp48pqqLzE_000114_000124.mp4
Unable to read video 3Wp48pqqLzE_000114_000124.mp4
[Errno 1094995529] Invalid data found when processing input: '../kinetics-dataset/k400/train/0dGQUlhspug_000090_000100.mp4'; last error log: [mov,mp4,m4a,3gp,3g2,mj2] moov atom not found
0dGQUlhspug_000090_000100.mp4
Unable to read video 0dGQUlhspug_000090_000100.mp4
[Errno 1094995529] Invalid data found when processing input: '../kinetics-dataset/k400/train/COq2g1G7gcM_000170_000180.mp4'; last error log: [mov,mp4,m4a,3gp,3g2,mj2] moov atom not found
COq2g1G7gcM_000170_000180.mp4
Unable to read video COq2g1G7gcM_000170_000180.mp4
[Errno 1094995529] Invalid data found when processing input: '../kinetics-dataset/k400/train/34BqkWBNHeM_000288_000298.mp4'; last error log: [mov,mp4,m4a,3gp,3g2,mj2] moov atom not found
34BqkWBNHeM_000288_000298.mp4
Unable to read video 34BqkWBNHeM_000288_000298.mp4
[Errno 1094995529] Invalid data found when processing input: '../kinetics-dataset/k400/train/4HBPB6Qx9XM_000043_000053.mp4'; last error log: [mov,mp4,m4a,3gp,3g2,mj2] moov atom not found
4HBPB6Qx9XM_000043_000053.mp4
Unable to read video 4HBPB6Qx9XM_000043_000053.mp4
[Errno 1094995529] Invalid data found when processing input: '../kinetics-dataset/k400/train/3o933qw5CUo_000072_000082.mp4'; last error log: [mov,mp4,m4a,3gp,3g2,mj2] moov atom not found
3o933qw5CUo_000072_000082.mp4
Unable to read video 3o933qw5CUo_000072_000082.mp4
[Errno 1094995529] Invalid data found when processing input: '../kinetics-dataset/k400/train/1oiK3xt5Pc0_000399_000409.mp4'; last error log: [mov,mp4,m4a,3gp,3g2,mj2] moov atom not found
1oiK3xt5Pc0_000399_000409.mp4
Unable to read video 1oiK3xt5Pc0_000399_000409.mp4
[Errno 1094995529] Invalid data found when processing input: '../kinetics-dataset/k400/train/--PyMoD3_eg_000020_000030.mp4'; last error log: [mov,mp4,m4a,3gp,3g2,mj2] moov atom not found
--PyMoD3_eg_000020_000030.mp4
Unable to read video --PyMoD3_eg_000020_000030.mp4
[Errno 1094995529] Invalid data found when processing input: '../kinetics-dataset/k400/train/09sCD17AOyY_000002_000012.mp4'; last error log: [mov,mp4,m4a,3gp,3g2,mj2] moov atom not found
09sCD17AOyY_000002_000012.mp4
Unable to read video 09sCD17AOyY_000002_000012.mp4
[Errno 1094995529] Invalid data found when processing input: '../kinetics-dataset/k400/train/4tm7iT3OWWs_000002_000012.mp4'; last error log: [mov,mp4,m4a,3gp,3g2,mj2] moov atom not found
4tm7iT3OWWs_000002_000012.mp4
Unable to read video 4tm7iT3OWWs_000002_000012.mp4
[Errno 1094995529] Invalid data found when processing input: '../kinetics-dataset/k400/train/Af4NV3BAv28_000008_000018.mp4'; last error log: [mov,mp4,m4a,3gp,3g2,mj2] moov atom not found
Af4NV3BAv28_000008_000018.mp4
Unable to read video Af4NV3BAv28_000008_000018.mp4
[Errno 1094995529] Invalid data found when processing input: '../kinetics-dataset/k400/train/CukaHTiUEoU_000097_000107.mp4'; last error log: [mov,mp4,m4a,3gp,3g2,mj2] moov atom not found
CukaHTiUEoU_000097_000107.mp4
Unable to read video CukaHTiUEoU_000097_000107.mp4
[Errno 1094995529] Invalid data found when processing input: '../kinetics-dataset/k400/train/Ar6CfUJuXuM_000027_000037.mp4'; last error log: [mov,mp4,m4a,3gp,3g2,mj2] moov atom not found
Ar6CfUJuXuM_000027_000037.mp4
Unable to read video Ar6CfUJuXuM_000027_000037.mp4
[Errno 1094995529] Invalid data found when processing input: '../kinetics-dataset/k400/train/8C_16syb3zU_000014_000024.mp4'; last error log: [mov,mp4,m4a,3gp,3g2,mj2] moov atom not found
8C_16syb3zU_000014_000024.mp4
Unable to read video 8C_16syb3zU_000014_000024.mp4
[Errno 1094995529] Invalid data found when processing input: '../kinetics-dataset/k400/train/87uU5evByL8_000043_000053.mp4'; last error log: [mov,mp4,m4a,3gp,3g2,mj2] moov atom not found
87uU5evByL8_000043_000053.mp4
Unable to read video 87uU5evByL8_000043_000053.mp4
[Errno 1094995529] Invalid data found when processing input: '../kinetics-dataset/k400/train/4kIsSG0ps5E_000010_000020.mp4'; last error log: [mov,mp4,m4a,3gp,3g2,mj2] moov atom not found
4kIsSG0ps5E_000010_000020.mp4
Unable to read video 4kIsSG0ps5E_000010_000020.mp4
[Errno 1094995529] Invalid data found when processing input: '../kinetics-dataset/k400/train/DFWwfkI8fvM_000022_000032.mp4'; last error log: [mov,mp4,m4a,3gp,3g2,mj2] moov atom not found
DFWwfkI8fvM_000022_000032.mp4
Unable to read video DFWwfkI8fvM_000022_000032.mp4
[Errno 1094995529] Invalid data found when processing input: '../kinetics-dataset/k400/train/BRhzpNDvUVI_000000_000010.mp4'; last error log: [mov,mp4,m4a,3gp,3g2,mj2] moov atom not found
BRhzpNDvUVI_000000_000010.mp4
Unable to read video BRhzpNDvUVI_000000_000010.mp4
[Errno 1094995529] Invalid data found when processing input: '../kinetics-dataset/k400/train/5M-1mlYaCbw_000002_000012.mp4'; last error log: [mov,mp4,m4a,3gp,3g2,mj2] moov atom not found
5M-1mlYaCbw_000002_000012.mp4
Unable to read video 5M-1mlYaCbw_000002_000012.mp4
[Errno 1094995529] Invalid data found when processing input: '../kinetics-dataset/k400/train/DD7SHZXLtXw_000017_000027.mp4'; last error log: [mov,mp4,m4a,3gp,3g2,mj2] moov atom not found
DD7SHZXLtXw_000017_000027.mp4
Unable to read video DD7SHZXLtXw_000017_000027.mp4
[Errno 1094995529] Invalid data found when processing input: '../kinetics-dataset/k400/train/1WKO3tdQBe8_000002_000012.mp4'; last error log: [mov,mp4,m4a,3gp,3g2,mj2] moov atom not found
1WKO3tdQBe8_000002_000012.mp4
Unable to read video 1WKO3tdQBe8_000002_000012.mp4
['video_name', 'What is in this video?', 'What is the person doing?', 'What are the people doing in the background?', 'Are people in the video focused or distracted?', 'Can you tell the mood of the person in the video?', 'Can you identify objects in the video?', 'Is anyone holding any object, what are they holding?', 'Are there any safety hazards in the place?', 'Can you tell the profession of people in the video?']
[Errno 1094995529] Invalid data found when processing input: '../kinetics-dataset/k400/train/AfPIdPUS3fw_000296_000306.mp4'; last error log: [mov,mp4,m4a,3gp,3g2,mj2] moov atom not found
AfPIdPUS3fw_000296_000306.mp4
Unable to read video AfPIdPUS3fw_000296_000306.mp4
[Errno 1094995529] Invalid data found when processing input: '../kinetics-dataset/k400/train/3Wp48pqqLzE_000114_000124.mp4'; last error log: [mov,mp4,m4a,3gp,3g2,mj2] moov atom not found
3Wp48pqqLzE_000114_000124.mp4
Unable to read video 3Wp48pqqLzE_000114_000124.mp4
[Errno 1094995529] Invalid data found when processing input: '../kinetics-dataset/k400/train/0dGQUlhspug_000090_000100.mp4'; last error log: [mov,mp4,m4a,3gp,3g2,mj2] moov atom not found
0dGQUlhspug_000090_000100.mp4
Unable to read video 0dGQUlhspug_000090_000100.mp4
[Errno 1094995529] Invalid data found when processing input: '../kinetics-dataset/k400/train/COq2g1G7gcM_000170_000180.mp4'; last error log: [mov,mp4,m4a,3gp,3g2,mj2] moov atom not found
COq2g1G7gcM_000170_000180.mp4
Unable to read video COq2g1G7gcM_000170_000180.mp4
[Errno 1094995529] Invalid data found when processing input: '../kinetics-dataset/k400/train/34BqkWBNHeM_000288_000298.mp4'; last error log: [mov,mp4,m4a,3gp,3g2,mj2] moov atom not found
34BqkWBNHeM_000288_000298.mp4
Unable to read video 34BqkWBNHeM_000288_000298.mp4
[Errno 1094995529] Invalid data found when processing input: '../kinetics-dataset/k400/train/4HBPB6Qx9XM_000043_000053.mp4'; last error log: [mov,mp4,m4a,3gp,3g2,mj2] moov atom not found
4HBPB6Qx9XM_000043_000053.mp4
Unable to read video 4HBPB6Qx9XM_000043_000053.mp4
[Errno 1094995529] Invalid data found when processing input: '../kinetics-dataset/k400/train/3o933qw5CUo_000072_000082.mp4'; last error log: [mov,mp4,m4a,3gp,3g2,mj2] moov atom not found
3o933qw5CUo_000072_000082.mp4
Unable to read video 3o933qw5CUo_000072_000082.mp4
[Errno 1094995529] Invalid data found when processing input: '../kinetics-dataset/k400/train/1oiK3xt5Pc0_000399_000409.mp4'; last error log: [mov,mp4,m4a,3gp,3g2,mj2] moov atom not found
1oiK3xt5Pc0_000399_000409.mp4
Unable to read video 1oiK3xt5Pc0_000399_000409.mp4
[Errno 1094995529] Invalid data found when processing input: '../kinetics-dataset/k400/train/--PyMoD3_eg_000020_000030.mp4'; last error log: [mov,mp4,m4a,3gp,3g2,mj2] moov atom not found
--PyMoD3_eg_000020_000030.mp4
Unable to read video --PyMoD3_eg_000020_000030.mp4
[Errno 1094995529] Invalid data found when processing input: '../kinetics-dataset/k400/train/09sCD17AOyY_000002_000012.mp4'; last error log: [mov,mp4,m4a,3gp,3g2,mj2] moov atom not found
09sCD17AOyY_000002_000012.mp4
Unable to read video 09sCD17AOyY_000002_000012.mp4
[Errno 1094995529] Invalid data found when processing input: '../kinetics-dataset/k400/train/4tm7iT3OWWs_000002_000012.mp4'; last error log: [mov,mp4,m4a,3gp,3g2,mj2] moov atom not found
4tm7iT3OWWs_000002_000012.mp4
Unable to read video 4tm7iT3OWWs_000002_000012.mp4
[Errno 1094995529] Invalid data found when processing input: '../kinetics-dataset/k400/train/Af4NV3BAv28_000008_000018.mp4'; last error log: [mov,mp4,m4a,3gp,3g2,mj2] moov atom not found
Af4NV3BAv28_000008_000018.mp4
Unable to read video Af4NV3BAv28_000008_000018.mp4
[Errno 1094995529] Invalid data found when processing input: '../kinetics-dataset/k400/train/CukaHTiUEoU_000097_000107.mp4'; last error log: [mov,mp4,m4a,3gp,3g2,mj2] moov atom not found
CukaHTiUEoU_000097_000107.mp4
Unable to read video CukaHTiUEoU_000097_000107.mp4
[Errno 1094995529] Invalid data found when processing input: '../kinetics-dataset/k400/train/Ar6CfUJuXuM_000027_000037.mp4'; last error log: [mov,mp4,m4a,3gp,3g2,mj2] moov atom not found
Ar6CfUJuXuM_000027_000037.mp4
Unable to read video Ar6CfUJuXuM_000027_000037.mp4
[Errno 1094995529] Invalid data found when processing input: '../kinetics-dataset/k400/train/8C_16syb3zU_000014_000024.mp4'; last error log: [mov,mp4,m4a,3gp,3g2,mj2] moov atom not found
8C_16syb3zU_000014_000024.mp4
Unable to read video 8C_16syb3zU_000014_000024.mp4
[Errno 1094995529] Invalid data found when processing input: '../kinetics-dataset/k400/train/87uU5evByL8_000043_000053.mp4'; last error log: [mov,mp4,m4a,3gp,3g2,mj2] moov atom not found
87uU5evByL8_000043_000053.mp4
Unable to read video 87uU5evByL8_000043_000053.mp4
[Errno 1094995529] Invalid data found when processing input: '../kinetics-dataset/k400/train/4kIsSG0ps5E_000010_000020.mp4'; last error log: [mov,mp4,m4a,3gp,3g2,mj2] moov atom not found
4kIsSG0ps5E_000010_000020.mp4
Unable to read video 4kIsSG0ps5E_000010_000020.mp4
[Errno 1094995529] Invalid data found when processing input: '../kinetics-dataset/k400/train/DFWwfkI8fvM_000022_000032.mp4'; last error log: [mov,mp4,m4a,3gp,3g2,mj2] moov atom not found
DFWwfkI8fvM_000022_000032.mp4
Unable to read video DFWwfkI8fvM_000022_000032.mp4
[Errno 1094995529] Invalid data found when processing input: '../kinetics-dataset/k400/train/BRhzpNDvUVI_000000_000010.mp4'; last error log: [mov,mp4,m4a,3gp,3g2,mj2] moov atom not found
BRhzpNDvUVI_000000_000010.mp4
Unable to read video BRhzpNDvUVI_000000_000010.mp4
[Errno 1094995529] Invalid data found when processing input: '../kinetics-dataset/k400/train/5M-1mlYaCbw_000002_000012.mp4'; last error log: [mov,mp4,m4a,3gp,3g2,mj2] moov atom not found
5M-1mlYaCbw_000002_000012.mp4
Unable to read video 5M-1mlYaCbw_000002_000012.mp4
[Errno 1094995529] Invalid data found when processing input: '../kinetics-dataset/k400/train/DD7SHZXLtXw_000017_000027.mp4'; last error log: [mov,mp4,m4a,3gp,3g2,mj2] moov atom not found
DD7SHZXLtXw_000017_000027.mp4
Unable to read video DD7SHZXLtXw_000017_000027.mp4
[Errno 1094995529] Invalid data found when processing input: '../kinetics-dataset/k400/train/1WKO3tdQBe8_000002_000012.mp4'; last error log: [mov,mp4,m4a,3gp,3g2,mj2] moov atom not found
1WKO3tdQBe8_000002_000012.mp4
Unable to read video 1WKO3tdQBe8_000002_000012.mp4
['video_name', 'What is in this video?', 'What is the person doing?', 'What are the people doing in the background?', 'Are people in the video focused or distracted?', 'Can you tell the mood of the person in the video?', 'Can you identify objects in the video?', 'Is anyone holding any object, what are they holding?', 'Are there any safety hazards in the place?', 'Can you tell the profession of people in the video?']
[Errno 1094995529] Invalid data found when processing input: '../kinetics-dataset/k400/train/AfPIdPUS3fw_000296_000306.mp4'; last error log: [mov,mp4,m4a,3gp,3g2,mj2] moov atom not found
AfPIdPUS3fw_000296_000306.mp4
Unable to read video AfPIdPUS3fw_000296_000306.mp4
[Errno 1094995529] Invalid data found when processing input: '../kinetics-dataset/k400/train/3Wp48pqqLzE_000114_000124.mp4'; last error log: [mov,mp4,m4a,3gp,3g2,mj2] moov atom not found
3Wp48pqqLzE_000114_000124.mp4
Unable to read video 3Wp48pqqLzE_000114_000124.mp4
[Errno 1094995529] Invalid data found when processing input: '../kinetics-dataset/k400/train/0dGQUlhspug_000090_000100.mp4'; last error log: [mov,mp4,m4a,3gp,3g2,mj2] moov atom not found
0dGQUlhspug_000090_000100.mp4
Unable to read video 0dGQUlhspug_000090_000100.mp4
[Errno 1094995529] Invalid data found when processing input: '../kinetics-dataset/k400/train/COq2g1G7gcM_000170_000180.mp4'; last error log: [mov,mp4,m4a,3gp,3g2,mj2] moov atom not found
COq2g1G7gcM_000170_000180.mp4
Unable to read video COq2g1G7gcM_000170_000180.mp4
[Errno 1094995529] Invalid data found when processing input: '../kinetics-dataset/k400/train/34BqkWBNHeM_000288_000298.mp4'; last error log: [mov,mp4,m4a,3gp,3g2,mj2] moov atom not found
34BqkWBNHeM_000288_000298.mp4
Unable to read video 34BqkWBNHeM_000288_000298.mp4
[Errno 1094995529] Invalid data found when processing input: '../kinetics-dataset/k400/train/4HBPB6Qx9XM_000043_000053.mp4'; last error log: [mov,mp4,m4a,3gp,3g2,mj2] moov atom not found
4HBPB6Qx9XM_000043_000053.mp4
Unable to read video 4HBPB6Qx9XM_000043_000053.mp4
[Errno 1094995529] Invalid data found when processing input: '../kinetics-dataset/k400/train/3o933qw5CUo_000072_000082.mp4'; last error log: [mov,mp4,m4a,3gp,3g2,mj2] moov atom not found
3o933qw5CUo_000072_000082.mp4
Unable to read video 3o933qw5CUo_000072_000082.mp4
[Errno 1094995529] Invalid data found when processing input: '../kinetics-dataset/k400/train/1oiK3xt5Pc0_000399_000409.mp4'; last error log: [mov,mp4,m4a,3gp,3g2,mj2] moov atom not found
1oiK3xt5Pc0_000399_000409.mp4
Unable to read video 1oiK3xt5Pc0_000399_000409.mp4
[Errno 1094995529] Invalid data found when processing input: '../kinetics-dataset/k400/train/--PyMoD3_eg_000020_000030.mp4'; last error log: [mov,mp4,m4a,3gp,3g2,mj2] moov atom not found
--PyMoD3_eg_000020_000030.mp4
Unable to read video --PyMoD3_eg_000020_000030.mp4
[Errno 1094995529] Invalid data found when processing input: '../kinetics-dataset/k400/train/09sCD17AOyY_000002_000012.mp4'; last error log: [mov,mp4,m4a,3gp,3g2,mj2] moov atom not found
09sCD17AOyY_000002_000012.mp4
Unable to read video 09sCD17AOyY_000002_000012.mp4
[Errno 1094995529] Invalid data found when processing input: '../kinetics-dataset/k400/train/4tm7iT3OWWs_000002_000012.mp4'; last error log: [mov,mp4,m4a,3gp,3g2,mj2] moov atom not found
4tm7iT3OWWs_000002_000012.mp4
Unable to read video 4tm7iT3OWWs_000002_000012.mp4
[Errno 1094995529] Invalid data found when processing input: '../kinetics-dataset/k400/train/Af4NV3BAv28_000008_000018.mp4'; last error log: [mov,mp4,m4a,3gp,3g2,mj2] moov atom not found
Af4NV3BAv28_000008_000018.mp4
Unable to read video Af4NV3BAv28_000008_000018.mp4
[Errno 1094995529] Invalid data found when processing input: '../kinetics-dataset/k400/train/CukaHTiUEoU_000097_000107.mp4'; last error log: [mov,mp4,m4a,3gp,3g2,mj2] moov atom not found
CukaHTiUEoU_000097_000107.mp4
Unable to read video CukaHTiUEoU_000097_000107.mp4
[Errno 1094995529] Invalid data found when processing input: '../kinetics-dataset/k400/train/Ar6CfUJuXuM_000027_000037.mp4'; last error log: [mov,mp4,m4a,3gp,3g2,mj2] moov atom not found
Ar6CfUJuXuM_000027_000037.mp4
Unable to read video Ar6CfUJuXuM_000027_000037.mp4
[Errno 1094995529] Invalid data found when processing input: '../kinetics-dataset/k400/train/8C_16syb3zU_000014_000024.mp4'; last error log: [mov,mp4,m4a,3gp,3g2,mj2] moov atom not found
8C_16syb3zU_000014_000024.mp4
Unable to read video 8C_16syb3zU_000014_000024.mp4
[Errno 1094995529] Invalid data found when processing input: '../kinetics-dataset/k400/train/87uU5evByL8_000043_000053.mp4'; last error log: [mov,mp4,m4a,3gp,3g2,mj2] moov atom not found
87uU5evByL8_000043_000053.mp4
Unable to read video 87uU5evByL8_000043_000053.mp4
[Errno 1094995529] Invalid data found when processing input: '../kinetics-dataset/k400/train/4kIsSG0ps5E_000010_000020.mp4'; last error log: [mov,mp4,m4a,3gp,3g2,mj2] moov atom not found
4kIsSG0ps5E_000010_000020.mp4
Unable to read video 4kIsSG0ps5E_000010_000020.mp4
[Errno 1094995529] Invalid data found when processing input: '../kinetics-dataset/k400/train/DFWwfkI8fvM_000022_000032.mp4'; last error log: [mov,mp4,m4a,3gp,3g2,mj2] moov atom not found
DFWwfkI8fvM_000022_000032.mp4
Unable to read video DFWwfkI8fvM_000022_000032.mp4
[Errno 1094995529] Invalid data found when processing input: '../kinetics-dataset/k400/train/BRhzpNDvUVI_000000_000010.mp4'; last error log: [mov,mp4,m4a,3gp,3g2,mj2] moov atom not found
BRhzpNDvUVI_000000_000010.mp4
Unable to read video BRhzpNDvUVI_000000_000010.mp4
[Errno 1094995529] Invalid data found when processing input: '../kinetics-dataset/k400/train/5M-1mlYaCbw_000002_000012.mp4'; last error log: [mov,mp4,m4a,3gp,3g2,mj2] moov atom not found
5M-1mlYaCbw_000002_000012.mp4
Unable to read video 5M-1mlYaCbw_000002_000012.mp4
[Errno 1094995529] Invalid data found when processing input: '../kinetics-dataset/k400/train/DD7SHZXLtXw_000017_000027.mp4'; last error log: [mov,mp4,m4a,3gp,3g2,mj2] moov atom not found
DD7SHZXLtXw_000017_000027.mp4
Unable to read video DD7SHZXLtXw_000017_000027.mp4
[Errno 1094995529] Invalid data found when processing input: '../kinetics-dataset/k400/train/1WKO3tdQBe8_000002_000012.mp4'; last error log: [mov,mp4,m4a,3gp,3g2,mj2] moov atom not found
1WKO3tdQBe8_000002_000012.mp4
Unable to read video 1WKO3tdQBe8_000002_000012.mp4
['video_name', 'What is in this video?', 'What is the person doing?', 'What are the people doing in the background?', 'Are people in the video focused or distracted?', 'Can you tell the mood of the person in the video?', 'Can you identify objects in the video?', 'Is anyone holding any object, what are they holding?', 'Are there any safety hazards in the place?', 'Can you tell the profession of people in the video?']
[Errno 1094995529] Invalid data found when processing input: '../kinetics-dataset/k400/train/AfPIdPUS3fw_000296_000306.mp4'; last error log: [mov,mp4,m4a,3gp,3g2,mj2] moov atom not found
AfPIdPUS3fw_000296_000306.mp4
Unable to read video AfPIdPUS3fw_000296_000306.mp4
[Errno 1094995529] Invalid data found when processing input: '../kinetics-dataset/k400/train/3Wp48pqqLzE_000114_000124.mp4'; last error log: [mov,mp4,m4a,3gp,3g2,mj2] moov atom not found
3Wp48pqqLzE_000114_000124.mp4
Unable to read video 3Wp48pqqLzE_000114_000124.mp4
[Errno 1094995529] Invalid data found when processing input: '../kinetics-dataset/k400/train/0dGQUlhspug_000090_000100.mp4'; last error log: [mov,mp4,m4a,3gp,3g2,mj2] moov atom not found
0dGQUlhspug_000090_000100.mp4
Unable to read video 0dGQUlhspug_000090_000100.mp4
[Errno 1094995529] Invalid data found when processing input: '../kinetics-dataset/k400/train/COq2g1G7gcM_000170_000180.mp4'; last error log: [mov,mp4,m4a,3gp,3g2,mj2] moov atom not found
COq2g1G7gcM_000170_000180.mp4
Unable to read video COq2g1G7gcM_000170_000180.mp4
[Errno 1094995529] Invalid data found when processing input: '../kinetics-dataset/k400/train/34BqkWBNHeM_000288_000298.mp4'; last error log: [mov,mp4,m4a,3gp,3g2,mj2] moov atom not found
34BqkWBNHeM_000288_000298.mp4
Unable to read video 34BqkWBNHeM_000288_000298.mp4
[Errno 1094995529] Invalid data found when processing input: '../kinetics-dataset/k400/train/4HBPB6Qx9XM_000043_000053.mp4'; last error log: [mov,mp4,m4a,3gp,3g2,mj2] moov atom not found
4HBPB6Qx9XM_000043_000053.mp4
Unable to read video 4HBPB6Qx9XM_000043_000053.mp4
[Errno 1094995529] Invalid data found when processing input: '../kinetics-dataset/k400/train/3o933qw5CUo_000072_000082.mp4'; last error log: [mov,mp4,m4a,3gp,3g2,mj2] moov atom not found
3o933qw5CUo_000072_000082.mp4
Unable to read video 3o933qw5CUo_000072_000082.mp4
[Errno 1094995529] Invalid data found when processing input: '../kinetics-dataset/k400/train/1oiK3xt5Pc0_000399_000409.mp4'; last error log: [mov,mp4,m4a,3gp,3g2,mj2] moov atom not found
1oiK3xt5Pc0_000399_000409.mp4
Unable to read video 1oiK3xt5Pc0_000399_000409.mp4
[Errno 1094995529] Invalid data found when processing input: '../kinetics-dataset/k400/train/--PyMoD3_eg_000020_000030.mp4'; last error log: [mov,mp4,m4a,3gp,3g2,mj2] moov atom not found
--PyMoD3_eg_000020_000030.mp4
Unable to read video --PyMoD3_eg_000020_000030.mp4
[Errno 1094995529] Invalid data found when processing input: '../kinetics-dataset/k400/train/09sCD17AOyY_000002_000012.mp4'; last error log: [mov,mp4,m4a,3gp,3g2,mj2] moov atom not found
09sCD17AOyY_000002_000012.mp4
Unable to read video 09sCD17AOyY_000002_000012.mp4
[Errno 1094995529] Invalid data found when processing input: '../kinetics-dataset/k400/train/4tm7iT3OWWs_000002_000012.mp4'; last error log: [mov,mp4,m4a,3gp,3g2,mj2] moov atom not found
4tm7iT3OWWs_000002_000012.mp4
Unable to read video 4tm7iT3OWWs_000002_000012.mp4
[Errno 1094995529] Invalid data found when processing input: '../kinetics-dataset/k400/train/Af4NV3BAv28_000008_000018.mp4'; last error log: [mov,mp4,m4a,3gp,3g2,mj2] moov atom not found
Af4NV3BAv28_000008_000018.mp4
Unable to read video Af4NV3BAv28_000008_000018.mp4
[Errno 1094995529] Invalid data found when processing input: '../kinetics-dataset/k400/train/CukaHTiUEoU_000097_000107.mp4'; last error log: [mov,mp4,m4a,3gp,3g2,mj2] moov atom not found
CukaHTiUEoU_000097_000107.mp4
Unable to read video CukaHTiUEoU_000097_000107.mp4
[Errno 1094995529] Invalid data found when processing input: '../kinetics-dataset/k400/train/Ar6CfUJuXuM_000027_000037.mp4'; last error log: [mov,mp4,m4a,3gp,3g2,mj2] moov atom not found
Ar6CfUJuXuM_000027_000037.mp4
Unable to read video Ar6CfUJuXuM_000027_000037.mp4
[Errno 1094995529] Invalid data found when processing input: '../kinetics-dataset/k400/train/8C_16syb3zU_000014_000024.mp4'; last error log: [mov,mp4,m4a,3gp,3g2,mj2] moov atom not found
8C_16syb3zU_000014_000024.mp4
Unable to read video 8C_16syb3zU_000014_000024.mp4
[Errno 1094995529] Invalid data found when processing input: '../kinetics-dataset/k400/train/87uU5evByL8_000043_000053.mp4'; last error log: [mov,mp4,m4a,3gp,3g2,mj2] moov atom not found
87uU5evByL8_000043_000053.mp4
Unable to read video 87uU5evByL8_000043_000053.mp4
[Errno 1094995529] Invalid data found when processing input: '../kinetics-dataset/k400/train/4kIsSG0ps5E_000010_000020.mp4'; last error log: [mov,mp4,m4a,3gp,3g2,mj2] moov atom not found
4kIsSG0ps5E_000010_000020.mp4
Unable to read video 4kIsSG0ps5E_000010_000020.mp4
[Errno 1094995529] Invalid data found when processing input: '../kinetics-dataset/k400/train/DFWwfkI8fvM_000022_000032.mp4'; last error log: [mov,mp4,m4a,3gp,3g2,mj2] moov atom not found
DFWwfkI8fvM_000022_000032.mp4
Unable to read video DFWwfkI8fvM_000022_000032.mp4
[Errno 1094995529] Invalid data found when processing input: '../kinetics-dataset/k400/train/BRhzpNDvUVI_000000_000010.mp4'; last error log: [mov,mp4,m4a,3gp,3g2,mj2] moov atom not found
BRhzpNDvUVI_000000_000010.mp4
Unable to read video BRhzpNDvUVI_000000_000010.mp4
[Errno 1094995529] Invalid data found when processing input: '../kinetics-dataset/k400/train/5M-1mlYaCbw_000002_000012.mp4'; last error log: [mov,mp4,m4a,3gp,3g2,mj2] moov atom not found
5M-1mlYaCbw_000002_000012.mp4
Unable to read video 5M-1mlYaCbw_000002_000012.mp4
[Errno 1094995529] Invalid data found when processing input: '../kinetics-dataset/k400/train/DD7SHZXLtXw_000017_000027.mp4'; last error log: [mov,mp4,m4a,3gp,3g2,mj2] moov atom not found
DD7SHZXLtXw_000017_000027.mp4
Unable to read video DD7SHZXLtXw_000017_000027.mp4
[Errno 1094995529] Invalid data found when processing input: '../kinetics-dataset/k400/train/1WKO3tdQBe8_000002_000012.mp4'; last error log: [mov,mp4,m4a,3gp,3g2,mj2] moov atom not found
1WKO3tdQBe8_000002_000012.mp4
Unable to read video 1WKO3tdQBe8_000002_000012.mp4
['video_name', 'What is in this video?', 'What is the person doing?', 'What are the people doing in the background?', 'Are people in the video focused or distracted?', 'Can you tell the mood of the person in the video?', 'Can you identify objects in the video?', 'Is anyone holding any object, what are they holding?', 'Are there any safety hazards in the place?', 'Can you tell the profession of people in the video?']
